2021-03-13 12:25:34 [scrapy.utils.log] INFO: Scrapy 2.4.1 started (bot: movieSpider)
2021-03-13 12:25:34 [scrapy.utils.log] INFO: Versions: lxml 4.6.2.0, libxml2 2.9.5, cssselect 1.1.0, parsel 1.6.0, w3lib 1.22.0, Twisted 21.2.0, Python 3.6.12 |Anaconda, Inc.| (default, Sep  9 2020, 00:29:25) [MSC v.1916 64 bit (AMD64)], pyOpenSSL 20.0.1 (OpenSSL 1.1.1j  16 Feb 2021), cryptography 3.4.6, Platform Windows-10-10.0.19041-SP0
2021-03-13 12:25:34 [scrapy.utils.log] DEBUG: Using reactor: twisted.internet.selectreactor.SelectReactor
2021-03-13 12:25:34 [scrapy.crawler] INFO: Overridden settings:
{'BOT_NAME': 'movieSpider',
 'LOG_FILE': 'logs/scrapy_2021_3_13.log',
 'NEWSPIDER_MODULE': 'movieSpider.spiders',
 'SPIDER_MODULES': ['movieSpider.spiders'],
 'USER_AGENT': 'Mozilla/5.0 (Windows NT 10.0; Win64; x64) AppleWebKit/537.36 '
               '(KHTML, like Gecko) Chrome/89.0.4389.72 Safari/537.36'}
2021-03-13 12:25:34 [scrapy.extensions.telnet] INFO: Telnet Password: 80d7e555cfcd09b2
2021-03-13 12:25:34 [scrapy.middleware] INFO: Enabled extensions:
['scrapy.extensions.corestats.CoreStats',
 'scrapy.extensions.telnet.TelnetConsole',
 'scrapy.extensions.logstats.LogStats']
2021-03-13 12:25:35 [scrapy.middleware] INFO: Enabled downloader middlewares:
['scrapy.downloadermiddlewares.httpauth.HttpAuthMiddleware',
 'scrapy.downloadermiddlewares.downloadtimeout.DownloadTimeoutMiddleware',
 'scrapy.downloadermiddlewares.defaultheaders.DefaultHeadersMiddleware',
 'scrapy.downloadermiddlewares.useragent.UserAgentMiddleware',
 'scrapy.downloadermiddlewares.retry.RetryMiddleware',
 'scrapy.downloadermiddlewares.redirect.MetaRefreshMiddleware',
 'scrapy.downloadermiddlewares.httpcompression.HttpCompressionMiddleware',
 'scrapy.downloadermiddlewares.redirect.RedirectMiddleware',
 'scrapy.downloadermiddlewares.cookies.CookiesMiddleware',
 'scrapy.downloadermiddlewares.httpproxy.HttpProxyMiddleware',
 'scrapy.downloadermiddlewares.stats.DownloaderStats']
2021-03-13 12:25:35 [scrapy.middleware] INFO: Enabled spider middlewares:
['scrapy.spidermiddlewares.httperror.HttpErrorMiddleware',
 'scrapy.spidermiddlewares.offsite.OffsiteMiddleware',
 'scrapy.spidermiddlewares.referer.RefererMiddleware',
 'scrapy.spidermiddlewares.urllength.UrlLengthMiddleware',
 'scrapy.spidermiddlewares.depth.DepthMiddleware']
2021-03-13 12:25:35 [scrapy.middleware] INFO: Enabled item pipelines:
['movieSpider.pipelines.MoviespiderPipeline']
2021-03-13 12:25:35 [scrapy.core.engine] INFO: Spider opened
2021-03-13 12:25:35 [scrapy.extensions.logstats] INFO: Crawled 0 pages (at 0 pages/min), scraped 0 items (at 0 items/min)
2021-03-13 12:25:35 [scrapy.extensions.telnet] INFO: Telnet console listening on 127.0.0.1:6023
2021-03-13 12:25:35 [scrapy.core.engine] DEBUG: Crawled (200) <GET https://www.4567kan.com/index.php/vod/show/id/1.html> (referer: None)
2021-03-13 12:25:35 [scrapy.core.scraper] ERROR: Spider error processing <GET https://www.4567kan.com/index.php/vod/show/id/1.html> (referer: None)
Traceback (most recent call last):
  File "C:\ProgramData\Anaconda3\envs\3.6\lib\site-packages\twisted\internet\defer.py", line 662, in _runCallbacks
    current.result = callback(current.result, *args, **kw)
  File "C:\ProgramData\Anaconda3\envs\3.6\lib\site-packages\scrapy\spiders\__init__.py", line 90, in _parse
    return self.parse(response, **kwargs)
  File "C:\Users\dyp\Desktop\python-learn\爬虫\movieSpider\movieSpider\spiders\movie.py", line 13, in parse
    detail_url = "https://www.4567kan.com" + li.xpath("./div/h4/a/@href").extract_first()
TypeError: must be str, not NoneType
2021-03-13 12:25:35 [scrapy.core.engine] INFO: Closing spider (finished)
2021-03-13 12:25:35 [scrapy.statscollectors] INFO: Dumping Scrapy stats:
{'downloader/request_bytes': 323,
 'downloader/request_count': 1,
 'downloader/request_method_count/GET': 1,
 'downloader/response_bytes': 9390,
 'downloader/response_count': 1,
 'downloader/response_status_count/200': 1,
 'elapsed_time_seconds': 0.531321,
 'finish_reason': 'finished',
 'finish_time': datetime.datetime(2021, 3, 13, 4, 25, 35, 759626),
 'log_count/DEBUG': 1,
 'log_count/ERROR': 1,
 'log_count/INFO': 10,
 'response_received_count': 1,
 'scheduler/dequeued': 1,
 'scheduler/dequeued/memory': 1,
 'scheduler/enqueued': 1,
 'scheduler/enqueued/memory': 1,
 'spider_exceptions/TypeError': 1,
 'start_time': datetime.datetime(2021, 3, 13, 4, 25, 35, 228305)}
2021-03-13 12:25:35 [scrapy.core.engine] INFO: Spider closed (finished)
